<?xml version="1.0" encoding="UTF-8"?>
<testng-results ignored="0" total="4" passed="0" failed="4" skipped="0">
  <reporter-output>
  </reporter-output>
  <suite started-at="2022-06-04T03:39:31Z" name="Default suite" finished-at="2022-06-04T03:39:58Z" duration-ms="27504">
    <groups>
    </groups>
    <test started-at="2022-06-04T03:39:31Z" name="Default test" finished-at="2022-06-04T03:39:58Z" duration-ms="27504">
      <class name="testCases.LoginTest">
        <test-method is-config="true" signature="setUp()[pri:0, instance:testCases.LoginTest@55493582]" started-at="2022-06-04T03:39:27Z" name="setUp" finished-at="2022-06-04T03:39:31Z" duration-ms="3653" status="PASS">
          <reporter-output>
          </reporter-output>
        </test-method> <!-- setUp -->
        <test-method is-config="true" signature="browserNavigation()[pri:0, instance:testCases.LoginTest@55493582]" started-at="2022-06-04T03:39:31Z" name="browserNavigation" finished-at="2022-06-04T03:39:32Z" duration-ms="1392" status="PASS">
          <reporter-output>
          </reporter-output>
        </test-method> <!-- browserNavigation -->
        <test-method signature="VerifyInvalidLogin(java.lang.String, java.lang.String, java.lang.String, java.lang.String, java.lang.String, java.lang.String)[pri:0, instance:testCases.LoginTest@55493582]" started-at="2022-06-04T03:39:32Z" name="VerifyInvalidLogin" data-provider="getTestData" finished-at="2022-06-04T03:39:36Z" duration-ms="4123" status="FAIL">
          <params>
            <param index="0">
              <value>
                <![CDATA[john87546528]]>
              </value>
            </param>
            <param index="1">
              <value>
                <![CDATA[ johndoetest1]]>
              </value>
            </param>
            <param index="2">
              <value>
                <![CDATA[If we want to solve a problem that we have never solved before, we must leave the door to the unknown ajar. - richard feynman]]>
              </value>
            </param>
            <param index="3">
              <value>
                <![CDATA[I'm new to twitter! Hello world!]]>
              </value>
            </param>
            <param index="4">
              <value>
                <![CDATA[“Great spirits have always encountered violent opposition from mediocre minds.”
― Albert Einstein]]>
              </value>
            </param>
            <param index="5">
              <value>
                <![CDATA[ ashley48792978]]>
              </value>
            </param>
          </params>
          <exception class="java.lang.NullPointerException">
            <full-stacktrace>
              <![CDATA[java.lang.NullPointerException
at org.openqa.selenium.support.pagefactory.DefaultElementLocator.findElement(DefaultElementLocator.java:69)
at org.openqa.selenium.support.pagefactory.internal.LocatingElementHandler.invoke(LocatingElementHandler.java:38)
at com.sun.proxy.$Proxy14.sendKeys(Unknown Source)
at Pages.loginPage.invalidLogin_Twitter(loginPage.java:62)
at testCases.LoginTest.VerifyInvalidLogin(LoginTest.java:42)
at java.base/jdk.internal.reflect.NativeMethodAccessorImpl.invoke0(Native Method)
at java.base/jdk.internal.reflect.NativeMethodAccessorImpl.invoke(NativeMethodAccessorImpl.java:62)
at java.base/jdk.internal.reflect.DelegatingMethodAccessorImpl.invoke(DelegatingMethodAccessorImpl.java:43)
at java.base/java.lang.reflect.Method.invoke(Method.java:567)
at org.testng.internal.MethodInvocationHelper.invokeMethod(MethodInvocationHelper.java:124)
at org.testng.internal.Invoker.invokeMethod(Invoker.java:583)
at org.testng.internal.Invoker.invokeTestMethod(Invoker.java:719)
at org.testng.internal.Invoker.invokeTestMethods(Invoker.java:989)
at org.testng.internal.TestMethodWorker.invokeTestMethods(TestMethodWorker.java:125)
at org.testng.internal.TestMethodWorker.run(TestMethodWorker.java:109)
at org.testng.TestRunner.privateRun(TestRunner.java:648)
at org.testng.TestRunner.run(TestRunner.java:505)
at org.testng.SuiteRunner.runTest(SuiteRunner.java:455)
at org.testng.SuiteRunner.runSequentially(SuiteRunner.java:450)
at org.testng.SuiteRunner.privateRun(SuiteRunner.java:415)
at org.testng.SuiteRunner.run(SuiteRunner.java:364)
at org.testng.SuiteRunnerWorker.runSuite(SuiteRunnerWorker.java:52)
at org.testng.SuiteRunnerWorker.run(SuiteRunnerWorker.java:84)
at org.testng.TestNG.runSuitesSequentially(TestNG.java:1208)
at org.testng.TestNG.runSuitesLocally(TestNG.java:1137)
at org.testng.TestNG.runSuites(TestNG.java:1049)
at org.testng.TestNG.run(TestNG.java:1017)
at org.testng.remote.AbstractRemoteTestNG.run(AbstractRemoteTestNG.java:115)
at org.testng.remote.RemoteTestNG.initAndRun(RemoteTestNG.java:251)
at org.testng.remote.RemoteTestNG.main(RemoteTestNG.java:77)
]]>
            </full-stacktrace>
          </exception> <!-- java.lang.NullPointerException -->
          <reporter-output>
          </reporter-output>
        </test-method> <!-- VerifyInvalidLogin -->
        <test-method is-config="true" signature="browserNavigation()[pri:0, instance:testCases.LoginTest@55493582]" started-at="2022-06-04T03:39:36Z" name="browserNavigation" finished-at="2022-06-04T03:39:38Z" duration-ms="1497" status="PASS">
          <reporter-output>
          </reporter-output>
        </test-method> <!-- browserNavigation -->
        <test-method signature="VerifyInvalidLogin(java.lang.String, java.lang.String, java.lang.String, java.lang.String, java.lang.String, java.lang.String)[pri:0, instance:testCases.LoginTest@55493582]" started-at="2022-06-04T03:39:38Z" name="VerifyInvalidLogin" data-provider="getTestData" finished-at="2022-06-04T03:39:43Z" duration-ms="4804" status="FAIL">
          <params>
            <param index="0">
              <value>
                <![CDATA[ashley48792978]]>
              </value>
            </param>
            <param index="1">
              <value>
                <![CDATA[ ashylarry]]>
              </value>
            </param>
            <param index="2">
              <value>
                <![CDATA[“The greatest danger for most of us is not that our aim is too high and we miss it but that it is too low and we reach it.” -Michelangelo]]>
              </value>
            </param>
            <param index="3">
              <value>
                <![CDATA[I'm new to twitter! Hello world!]]>
              </value>
            </param>
            <param index="4">
              <value>
                <![CDATA[“The measure of intelligence is the ability to change.”
― Albert Einstein]]>
              </value>
            </param>
            <param index="5">
              <value>
                <![CDATA[ john87546528]]>
              </value>
            </param>
          </params>
          <exception class="java.lang.NullPointerException">
            <full-stacktrace>
              <![CDATA[java.lang.NullPointerException
at org.openqa.selenium.support.pagefactory.DefaultElementLocator.findElement(DefaultElementLocator.java:69)
at org.openqa.selenium.support.pagefactory.internal.LocatingElementHandler.invoke(LocatingElementHandler.java:38)
at com.sun.proxy.$Proxy14.sendKeys(Unknown Source)
at Pages.loginPage.invalidLogin_Twitter(loginPage.java:62)
at testCases.LoginTest.VerifyInvalidLogin(LoginTest.java:42)
at java.base/jdk.internal.reflect.NativeMethodAccessorImpl.invoke0(Native Method)
at java.base/jdk.internal.reflect.NativeMethodAccessorImpl.invoke(NativeMethodAccessorImpl.java:62)
at java.base/jdk.internal.reflect.DelegatingMethodAccessorImpl.invoke(DelegatingMethodAccessorImpl.java:43)
at java.base/java.lang.reflect.Method.invoke(Method.java:567)
at org.testng.internal.MethodInvocationHelper.invokeMethod(MethodInvocationHelper.java:124)
at org.testng.internal.Invoker.invokeMethod(Invoker.java:583)
at org.testng.internal.Invoker.invokeTestMethod(Invoker.java:719)
at org.testng.internal.Invoker.invokeTestMethods(Invoker.java:989)
at org.testng.internal.TestMethodWorker.invokeTestMethods(TestMethodWorker.java:125)
at org.testng.internal.TestMethodWorker.run(TestMethodWorker.java:109)
at org.testng.TestRunner.privateRun(TestRunner.java:648)
at org.testng.TestRunner.run(TestRunner.java:505)
at org.testng.SuiteRunner.runTest(SuiteRunner.java:455)
at org.testng.SuiteRunner.runSequentially(SuiteRunner.java:450)
at org.testng.SuiteRunner.privateRun(SuiteRunner.java:415)
at org.testng.SuiteRunner.run(SuiteRunner.java:364)
at org.testng.SuiteRunnerWorker.runSuite(SuiteRunnerWorker.java:52)
at org.testng.SuiteRunnerWorker.run(SuiteRunnerWorker.java:84)
at org.testng.TestNG.runSuitesSequentially(TestNG.java:1208)
at org.testng.TestNG.runSuitesLocally(TestNG.java:1137)
at org.testng.TestNG.runSuites(TestNG.java:1049)
at org.testng.TestNG.run(TestNG.java:1017)
at org.testng.remote.AbstractRemoteTestNG.run(AbstractRemoteTestNG.java:115)
at org.testng.remote.RemoteTestNG.initAndRun(RemoteTestNG.java:251)
at org.testng.remote.RemoteTestNG.main(RemoteTestNG.java:77)
]]>
            </full-stacktrace>
          </exception> <!-- java.lang.NullPointerException -->
          <reporter-output>
          </reporter-output>
        </test-method> <!-- VerifyInvalidLogin -->
        <test-method is-config="true" signature="browserNavigation()[pri:0, instance:testCases.LoginTest@55493582]" started-at="2022-06-04T03:39:43Z" name="browserNavigation" finished-at="2022-06-04T03:39:45Z" duration-ms="1900" status="PASS">
          <reporter-output>
          </reporter-output>
        </test-method> <!-- browserNavigation -->
        <test-method signature="VerifyValidLogin(java.lang.String, java.lang.String, java.lang.String, java.lang.String, java.lang.String, java.lang.String)[pri:0, instance:testCases.LoginTest@55493582]" started-at="2022-06-04T03:39:45Z" name="VerifyValidLogin" data-provider="getTestData" finished-at="2022-06-04T03:39:50Z" duration-ms="5121" status="FAIL">
          <params>
            <param index="0">
              <value>
                <![CDATA[john87546528]]>
              </value>
            </param>
            <param index="1">
              <value>
                <![CDATA[ johndoetest1]]>
              </value>
            </param>
            <param index="2">
              <value>
                <![CDATA[If we want to solve a problem that we have never solved before, we must leave the door to the unknown ajar. - richard feynman]]>
              </value>
            </param>
            <param index="3">
              <value>
                <![CDATA[I'm new to twitter! Hello world!]]>
              </value>
            </param>
            <param index="4">
              <value>
                <![CDATA[“Great spirits have always encountered violent opposition from mediocre minds.”
― Albert Einstein]]>
              </value>
            </param>
            <param index="5">
              <value>
                <![CDATA[ ashley48792978]]>
              </value>
            </param>
          </params>
          <exception class="java.lang.NullPointerException">
            <full-stacktrace>
              <![CDATA[java.lang.NullPointerException
at Pages.loginPage.login_Twitter(loginPage.java:47)
at testCases.LoginTest.VerifyValidLogin(LoginTest.java:33)
at java.base/jdk.internal.reflect.NativeMethodAccessorImpl.invoke0(Native Method)
at java.base/jdk.internal.reflect.NativeMethodAccessorImpl.invoke(NativeMethodAccessorImpl.java:62)
at java.base/jdk.internal.reflect.DelegatingMethodAccessorImpl.invoke(DelegatingMethodAccessorImpl.java:43)
at java.base/java.lang.reflect.Method.invoke(Method.java:567)
at org.testng.internal.MethodInvocationHelper.invokeMethod(MethodInvocationHelper.java:124)
at org.testng.internal.Invoker.invokeMethod(Invoker.java:583)
at org.testng.internal.Invoker.invokeTestMethod(Invoker.java:719)
at org.testng.internal.Invoker.invokeTestMethods(Invoker.java:989)
at org.testng.internal.TestMethodWorker.invokeTestMethods(TestMethodWorker.java:125)
at org.testng.internal.TestMethodWorker.run(TestMethodWorker.java:109)
at org.testng.TestRunner.privateRun(TestRunner.java:648)
at org.testng.TestRunner.run(TestRunner.java:505)
at org.testng.SuiteRunner.runTest(SuiteRunner.java:455)
at org.testng.SuiteRunner.runSequentially(SuiteRunner.java:450)
at org.testng.SuiteRunner.privateRun(SuiteRunner.java:415)
at org.testng.SuiteRunner.run(SuiteRunner.java:364)
at org.testng.SuiteRunnerWorker.runSuite(SuiteRunnerWorker.java:52)
at org.testng.SuiteRunnerWorker.run(SuiteRunnerWorker.java:84)
at org.testng.TestNG.runSuitesSequentially(TestNG.java:1208)
at org.testng.TestNG.runSuitesLocally(TestNG.java:1137)
at org.testng.TestNG.runSuites(TestNG.java:1049)
at org.testng.TestNG.run(TestNG.java:1017)
at org.testng.remote.AbstractRemoteTestNG.run(AbstractRemoteTestNG.java:115)
at org.testng.remote.RemoteTestNG.initAndRun(RemoteTestNG.java:251)
at org.testng.remote.RemoteTestNG.main(RemoteTestNG.java:77)
]]>
            </full-stacktrace>
          </exception> <!-- java.lang.NullPointerException -->
          <reporter-output>
          </reporter-output>
        </test-method> <!-- VerifyValidLogin -->
        <test-method is-config="true" signature="browserNavigation()[pri:0, instance:testCases.LoginTest@55493582]" started-at="2022-06-04T03:39:50Z" name="browserNavigation" finished-at="2022-06-04T03:39:51Z" duration-ms="1583" status="PASS">
          <reporter-output>
          </reporter-output>
        </test-method> <!-- browserNavigation -->
        <test-method signature="VerifyValidLogin(java.lang.String, java.lang.String, java.lang.String, java.lang.String, java.lang.String, java.lang.String)[pri:0, instance:testCases.LoginTest@55493582]" started-at="2022-06-04T03:39:51Z" name="VerifyValidLogin" data-provider="getTestData" finished-at="2022-06-04T03:39:58Z" duration-ms="6988" status="FAIL">
          <params>
            <param index="0">
              <value>
                <![CDATA[ashley48792978]]>
              </value>
            </param>
            <param index="1">
              <value>
                <![CDATA[ ashylarry]]>
              </value>
            </param>
            <param index="2">
              <value>
                <![CDATA[“The greatest danger for most of us is not that our aim is too high and we miss it but that it is too low and we reach it.” -Michelangelo]]>
              </value>
            </param>
            <param index="3">
              <value>
                <![CDATA[I'm new to twitter! Hello world!]]>
              </value>
            </param>
            <param index="4">
              <value>
                <![CDATA[“The measure of intelligence is the ability to change.”
― Albert Einstein]]>
              </value>
            </param>
            <param index="5">
              <value>
                <![CDATA[ john87546528]]>
              </value>
            </param>
          </params>
          <exception class="java.lang.NullPointerException">
            <full-stacktrace>
              <![CDATA[java.lang.NullPointerException
at Pages.loginPage.login_Twitter(loginPage.java:47)
at testCases.LoginTest.VerifyValidLogin(LoginTest.java:33)
at java.base/jdk.internal.reflect.NativeMethodAccessorImpl.invoke0(Native Method)
at java.base/jdk.internal.reflect.NativeMethodAccessorImpl.invoke(NativeMethodAccessorImpl.java:62)
at java.base/jdk.internal.reflect.DelegatingMethodAccessorImpl.invoke(DelegatingMethodAccessorImpl.java:43)
at java.base/java.lang.reflect.Method.invoke(Method.java:567)
at org.testng.internal.MethodInvocationHelper.invokeMethod(MethodInvocationHelper.java:124)
at org.testng.internal.Invoker.invokeMethod(Invoker.java:583)
at org.testng.internal.Invoker.invokeTestMethod(Invoker.java:719)
at org.testng.internal.Invoker.invokeTestMethods(Invoker.java:989)
at org.testng.internal.TestMethodWorker.invokeTestMethods(TestMethodWorker.java:125)
at org.testng.internal.TestMethodWorker.run(TestMethodWorker.java:109)
at org.testng.TestRunner.privateRun(TestRunner.java:648)
at org.testng.TestRunner.run(TestRunner.java:505)
at org.testng.SuiteRunner.runTest(SuiteRunner.java:455)
at org.testng.SuiteRunner.runSequentially(SuiteRunner.java:450)
at org.testng.SuiteRunner.privateRun(SuiteRunner.java:415)
at org.testng.SuiteRunner.run(SuiteRunner.java:364)
at org.testng.SuiteRunnerWorker.runSuite(SuiteRunnerWorker.java:52)
at org.testng.SuiteRunnerWorker.run(SuiteRunnerWorker.java:84)
at org.testng.TestNG.runSuitesSequentially(TestNG.java:1208)
at org.testng.TestNG.runSuitesLocally(TestNG.java:1137)
at org.testng.TestNG.runSuites(TestNG.java:1049)
at org.testng.TestNG.run(TestNG.java:1017)
at org.testng.remote.AbstractRemoteTestNG.run(AbstractRemoteTestNG.java:115)
at org.testng.remote.RemoteTestNG.initAndRun(RemoteTestNG.java:251)
at org.testng.remote.RemoteTestNG.main(RemoteTestNG.java:77)
]]>
            </full-stacktrace>
          </exception> <!-- java.lang.NullPointerException -->
          <reporter-output>
          </reporter-output>
        </test-method> <!-- VerifyValidLogin -->
        <test-method is-config="true" signature="tearDown()[pri:0, instance:testCases.LoginTest@55493582]" started-at="2022-06-04T03:39:59Z" name="tearDown" finished-at="2022-06-04T03:40:01Z" duration-ms="2022" status="PASS">
          <reporter-output>
          </reporter-output>
        </test-method> <!-- tearDown -->
      </class> <!-- testCases.LoginTest -->
    </test> <!-- Default test -->
  </suite> <!-- Default suite -->
</testng-results>
